<?xml version="1.0" encoding="UTF-8"?>
<!-- Generated by org.testng.reporters.JUnitReportReporter -->
<testsuite skipped="0" hostname="DESKTOP-5GBS83J" name="Cricbuzz.TopStories" tests="1" failures="0" timestamp="14 Jan 2021 05:17:25 GMT" time="64.204" errors="0">
  <testcase name="testcase1" time="64.204" classname="Cricbuzz.TopStories"/>
</testsuite> <!-- Cricbuzz.TopStories -->
